{
"contracts\\CrowdCharity.sol":{"l":{"42":13,"49":13,"54":13,"61":3,"62":2,"63":2,"64":2,"66":2,"78":5,"79":4,"80":3,"82":3,"98":4},"path":"C:\\Users\\SATA\\hardhat-tutorial\\contracts\\CrowdCharity.sol","s":{"1":13,"2":3,"3":2,"4":2,"5":5,"6":4,"7":3,"8":4},"b":{"1":[2,1],"2":[2,0],"3":[4,1],"4":[3,1]},"f":{"1":13,"2":3,"3":5,"4":4},"fnMap":{"1":{"name":"createCampaign","line":41,"loc":{"start":{"line":41,"column":4},"end":{"line":55,"column":4}}},"2":{"name":"fundCampaign","line":60,"loc":{"start":{"line":60,"column":4},"end":{"line":72,"column":4}}},"3":{"name":"closeCampaign","line":77,"loc":{"start":{"line":77,"column":4},"end":{"line":88,"column":4}}},"4":{"name":"getCampaign","line":90,"loc":{"start":{"line":90,"column":4},"end":{"line":104,"column":4}}}},"statementMap":{"1":{"start":{"line":49,"column":8},"end":{"line":49,"column":1275}},"2":{"start":{"line":61,"column":8},"end":{"line":61,"column":102}},"3":{"start":{"line":62,"column":8},"end":{"line":62,"column":94}},"4":{"start":{"line":66,"column":8},"end":{"line":66,"column":1978}},"5":{"start":{"line":78,"column":8},"end":{"line":78,"column":99}},"6":{"start":{"line":79,"column":8},"end":{"line":79,"column":83}},"7":{"start":{"line":82,"column":8},"end":{"line":82,"column":2561}},"8":{"start":{"line":98,"column":8},"end":{"line":98,"column":2911}}},"branchMap":{"1":{"line":61,"type":"if","locations":[{"start":{"line":61,"column":8},"end":{"line":61,"column":8}},{"start":{"line":61,"column":8},"end":{"line":61,"column":8}}]},"2":{"line":62,"type":"if","locations":[{"start":{"line":62,"column":8},"end":{"line":62,"column":8}},{"start":{"line":62,"column":8},"end":{"line":62,"column":8}}]},"3":{"line":78,"type":"if","locations":[{"start":{"line":78,"column":8},"end":{"line":78,"column":8}},{"start":{"line":78,"column":8},"end":{"line":78,"column":8}}]},"4":{"line":79,"type":"if","locations":[{"start":{"line":79,"column":8},"end":{"line":79,"column":8}},{"start":{"line":79,"column":8},"end":{"line":79,"column":8}}]}}},
"contracts\\ether_walet.sol":{"l":{"8":4,"9":2,"13":21,"18":1,"22":4,"26":1,"30":1},"path":"C:\\Users\\SATA\\hardhat-tutorial\\contracts\\ether_walet.sol","s":{"1":4,"2":1,"3":4,"4":1,"5":1},"b":{"1":[2,2],"2":[1,1],"3":[1,1]},"f":{"1":4,"2":21,"3":6,"4":1,"5":4,"6":1,"7":1},"fnMap":{"1":{"name":"ownerOnly","line":7,"loc":{"start":{"line":7,"column":4},"end":{"line":10,"column":4}}},"2":{"name":"constructor","line":12,"loc":{"start":{"line":12,"column":2},"end":{"line":14,"column":4}}},"3":{"name":"deposit","line":15,"loc":{"start":{"line":15,"column":4},"end":{"line":15,"column":39}}},"4":{"name":"send","line":17,"loc":{"start":{"line":17,"column":4},"end":{"line":19,"column":4}}},"5":{"name":"balance","line":21,"loc":{"start":{"line":21,"column":5},"end":{"line":23,"column":5}}},"6":{"name":"withdraw","line":25,"loc":{"start":{"line":25,"column":5},"end":{"line":28,"column":4}}},"7":{"name":"getOwner","line":29,"loc":{"start":{"line":29,"column":4},"end":{"line":31,"column":3}}}},"statementMap":{"1":{"start":{"line":8,"column":8},"end":{"line":8,"column":76}},"2":{"start":{"line":18,"column":8},"end":{"line":18,"column":37}},"3":{"start":{"line":22,"column":8},"end":{"line":22,"column":36}},"4":{"start":{"line":26,"column":8},"end":{"line":26,"column":44}},"5":{"start":{"line":30,"column":8},"end":{"line":30,"column":21}}},"branchMap":{"1":{"line":8,"type":"if","locations":[{"start":{"line":8,"column":8},"end":{"line":8,"column":8}},{"start":{"line":8,"column":8},"end":{"line":8,"column":8}}]},"2":{"line":17,"type":"if","locations":[{"start":{"line":17,"column":61},"end":{"line":17,"column":61}},{"start":{"line":17,"column":61},"end":{"line":17,"column":61}}]},"3":{"line":25,"type":"if","locations":[{"start":{"line":25,"column":46},"end":{"line":25,"column":46}},{"start":{"line":25,"column":46},"end":{"line":25,"column":46}}]}}},
"contracts\\ifelse.sol":{"l":{"6":3,"7":1,"9":1,"11":1,"23":3},"path":"C:\\Users\\SATA\\hardhat-tutorial\\contracts\\ifelse.sol","s":{"1":3,"2":1,"3":2,"4":1,"5":1,"6":3},"b":{"1":[1,2],"2":[1,1],"3":[1,2]},"f":{"1":3,"2":3},"fnMap":{"1":{"name":"foo","line":5,"loc":{"start":{"line":5,"column":4},"end":{"line":13,"column":4}}},"2":{"name":"ternary","line":15,"loc":{"start":{"line":15,"column":4},"end":{"line":24,"column":4}}}},"statementMap":{"1":{"start":{"line":6,"column":8},"end":{"line":6,"column":157}},"2":{"start":{"line":7,"column":12},"end":{"line":7,"column":20}},"3":{"start":{"line":8,"column":15},"end":{"line":8,"column":210}},"4":{"start":{"line":9,"column":12},"end":{"line":9,"column":20}},"5":{"start":{"line":11,"column":12},"end":{"line":11,"column":20}},"6":{"start":{"line":23,"column":8},"end":{"line":23,"column":30}}},"branchMap":{"1":{"line":6,"type":"if","locations":[{"start":{"line":6,"column":8},"end":{"line":6,"column":8}},{"start":{"line":6,"column":8},"end":{"line":6,"column":8}}]},"2":{"line":8,"type":"if","locations":[{"start":{"line":8,"column":15},"end":{"line":8,"column":15}},{"start":{"line":8,"column":15},"end":{"line":8,"column":15}}]},"3":{"line":23,"type":"if","locations":[{"start":{"line":23,"column":25},"end":{"line":23,"column":25}},{"start":{"line":23,"column":29},"end":{"line":23,"column":29}}]}}},
"contracts\\token.sol":{"l":{"12":15,"13":15,"17":5,"18":5,"19":5,"20":4,"21":4,"24":9},"path":"C:\\Users\\SATA\\hardhat-tutorial\\contracts\\token.sol","s":{"1":5,"2":5,"3":5,"4":9},"b":{"1":[4,1]},"f":{"1":15,"2":5,"3":9},"fnMap":{"1":{"name":"constructor","line":11,"loc":{"start":{"line":11,"column":4},"end":{"line":14,"column":4}}},"2":{"name":"transfer","line":16,"loc":{"start":{"line":16,"column":4},"end":{"line":22,"column":4}}},"3":{"name":"balanceof","line":23,"loc":{"start":{"line":23,"column":4},"end":{"line":25,"column":4}}}},"statementMap":{"1":{"start":{"line":17,"column":8},"end":{"line":17,"column":71}},"2":{"start":{"line":18,"column":8},"end":{"line":18,"column":65}},"3":{"start":{"line":19,"column":8},"end":{"line":19,"column":65}},"4":{"start":{"line":24,"column":8},"end":{"line":24,"column":33}}},"branchMap":{"1":{"line":19,"type":"if","locations":[{"start":{"line":19,"column":8},"end":{"line":19,"column":8}},{"start":{"line":19,"column":8},"end":{"line":19,"column":8}}]}}}}
