TN:
SF:C:\Users\SATA\hardhat-tutorial\contracts\CrowdCharity.sol
FN:41,createCampaign
FN:60,fundCampaign
FN:77,closeCampaign
FN:90,getCampaign
FNF:4
FNH:4
FNDA:13,createCampaign
FNDA:3,fundCampaign
FNDA:5,closeCampaign
FNDA:4,getCampaign
DA:42,13
DA:49,13
DA:54,13
DA:61,3
DA:62,2
DA:63,2
DA:64,2
DA:66,2
DA:78,5
DA:79,4
DA:80,3
DA:82,3
DA:98,4
LF:13
LH:13
BRDA:61,1,0,2
BRDA:61,1,1,1
BRDA:62,2,0,2
BRDA:62,2,1,0
BRDA:78,3,0,4
BRDA:78,3,1,1
BRDA:79,4,0,3
BRDA:79,4,1,1
BRF:8
BRH:7
end_of_record
TN:
SF:C:\Users\SATA\hardhat-tutorial\contracts\ether_walet.sol
FN:7,ownerOnly
FN:12,constructor
FN:15,deposit
FN:17,send
FN:21,balance
FN:25,withdraw
FN:29,getOwner
FNF:7
FNH:7
FNDA:4,ownerOnly
FNDA:21,constructor
FNDA:6,deposit
FNDA:1,send
FNDA:4,balance
FNDA:1,withdraw
FNDA:1,getOwner
DA:8,4
DA:9,2
DA:13,21
DA:18,1
DA:22,4
DA:26,1
DA:30,1
LF:7
LH:7
BRDA:8,1,0,2
BRDA:8,1,1,2
BRDA:17,2,0,1
BRDA:17,2,1,1
BRDA:25,3,0,1
BRDA:25,3,1,1
BRF:6
BRH:6
end_of_record
TN:
SF:C:\Users\SATA\hardhat-tutorial\contracts\ifelse.sol
FN:5,foo
FN:15,ternary
FNF:2
FNH:2
FNDA:3,foo
FNDA:3,ternary
DA:6,3
DA:7,1
DA:9,1
DA:11,1
DA:23,3
LF:5
LH:5
BRDA:6,1,0,1
BRDA:6,1,1,2
BRDA:8,2,0,1
BRDA:8,2,1,1
BRDA:23,3,0,1
BRDA:23,3,1,2
BRF:6
BRH:6
end_of_record
TN:
SF:C:\Users\SATA\hardhat-tutorial\contracts\token.sol
FN:11,constructor
FN:16,transfer
FN:23,balanceof
FNF:3
FNH:3
FNDA:15,constructor
FNDA:5,transfer
FNDA:9,balanceof
DA:12,15
DA:13,15
DA:17,5
DA:18,5
DA:19,5
DA:20,4
DA:21,4
DA:24,9
LF:8
LH:8
BRDA:19,1,0,4
BRDA:19,1,1,1
BRF:2
BRH:2
end_of_record
